<?xml version="1.0" encoding="UTF-8"?>
<testng-results ignored="0" total="4" passed="4" failed="0" skipped="0">
  <reporter-output>
  </reporter-output>
  <suite started-at="2024-07-19T22:51:35 IST" name="Default suite" finished-at="2024-07-19T22:51:45 IST" duration-ms="9842">
    <groups>
    </groups>
    <test started-at="2024-07-19T22:51:35 IST" name="Default test" finished-at="2024-07-19T22:51:45 IST" duration-ms="9842">
      <class name="api.test.UserTests">
        <test-method is-config="true" signature="setupData()[pri:0, instance:api.test.UserTests@41a2befb]" started-at="2024-07-19T22:51:35 IST" name="setupData" finished-at="2024-07-19T22:51:35 IST" duration-ms="515" status="PASS">
          <reporter-output>
          </reporter-output>
        </test-method> <!-- setupData -->
        <test-method signature="testPostUser()[pri:1, instance:api.test.UserTests@41a2befb]" started-at="2024-07-19T22:51:35 IST" name="testPostUser" finished-at="2024-07-19T22:51:40 IST" duration-ms="4629" status="PASS">
          <reporter-output>
          </reporter-output>
        </test-method> <!-- testPostUser -->
        <test-method signature="testGetUser()[pri:2, instance:api.test.UserTests@41a2befb]" started-at="2024-07-19T22:51:40 IST" name="testGetUser" finished-at="2024-07-19T22:51:41 IST" duration-ms="1222" status="PASS">
          <reporter-output>
          </reporter-output>
        </test-method> <!-- testGetUser -->
        <test-method signature="testUpdateUserByName()[pri:3, instance:api.test.UserTests@41a2befb]" started-at="2024-07-19T22:51:41 IST" name="testUpdateUserByName" finished-at="2024-07-19T22:51:43 IST" duration-ms="2226" status="PASS">
          <reporter-output>
          </reporter-output>
        </test-method> <!-- testUpdateUserByName -->
        <test-method signature="testDeleteUser()[pri:4, instance:api.test.UserTests@41a2befb]" started-at="2024-07-19T22:51:43 IST" name="testDeleteUser" finished-at="2024-07-19T22:51:44 IST" duration-ms="1167" status="PASS">
          <reporter-output>
          </reporter-output>
        </test-method> <!-- testDeleteUser -->
      </class> <!-- api.test.UserTests -->
    </test> <!-- Default test -->
  </suite> <!-- Default suite -->
</testng-results>
