<?xml version="1.0" encoding="UTF-8"?>
<!-- Generated by org.testng.reporters.JUnitXMLReporter -->
<testsuite ignored="0" hostname="DESKTOP-BCS8VQ5" failures="0" tests="4" name="Default test" time="9.842" errors="0" timestamp="2024-07-19T22:51:45 IST">
  <testcase classname="api.test.UserTests" name="testPostUser" time="4.629"/>
  <testcase classname="api.test.UserTests" name="testGetUser" time="1.222"/>
  <testcase classname="api.test.UserTests" name="testUpdateUserByName" time="2.226"/>
  <testcase classname="api.test.UserTests" name="testDeleteUser" time="1.167"/>
</testsuite> <!-- Default test -->
